[{"line":2,"elements":[{"start_timestamp":"2024-02-14T12:34:05.047Z","before":[{"result":{"duration":5234356700,"status":"passed"},"match":{"location":"WebAutomation.AutomationBase.CucumberHooks.beforeScenario()"}}],"line":5,"name":"User can logout from their account","description":"","id":"logout;user-can-logout-from-their-account","after":[{"result":{"duration":322622600,"status":"passed"},"match":{"location":"WebAutomation.AutomationBase.CucumberHooks.afterScenario()"}}],"type":"scenario","keyword":"Scenario","steps":[{"result":{"duration":24996300,"status":"passed"},"line":6,"name":"user is on home page","match":{"location":"WebAutomation.StepDefinition.LoginTest.userIsOnHomePage()"},"keyword":"Given "},{"result":{"duration":140060300,"status":"passed"},"line":7,"name":"user go to login page","match":{"location":"WebAutomation.StepDefinition.LoginTest.userGoToLoginPage()"},"keyword":"And "},{"result":{"duration":186537000,"status":"passed"},"line":8,"name":"user input username with \"marcelkurniawan26@gmail.com\"","match":{"arguments":[{"val":"\"marcelkurniawan26@gmail.com\"","offset":25}],"location":"WebAutomation.StepDefinition.LoginTest.userInputUsernameWith(java.lang.String)"},"keyword":"And "},{"result":{"duration":109572200,"status":"passed"},"line":9,"name":"user input password with \"asdfasdf\"","match":{"arguments":[{"val":"\"asdfasdf\"","offset":25}],"location":"WebAutomation.StepDefinition.LoginTest.userInputPasswordWith(java.lang.String)"},"keyword":"And "},{"result":{"duration":64000700,"status":"passed"},"line":10,"name":"user click on login button","match":{"location":"WebAutomation.StepDefinition.LoginTest.userClickOnLoginButton()"},"keyword":"When "},{"result":{"duration":11001900,"status":"passed"},"line":11,"name":"user is on homepage","match":{"location":"WebAutomation.StepDefinition.LoginTest.userIsOnHomepage()"},"keyword":"Then "},{"result":{"duration":7973522400,"status":"passed"},"line":12,"name":"user click the account button","match":{"location":"WebAutomation.StepDefinition.LogoutTest.userClickAccountButton()"},"keyword":"And "},{"result":{"duration":2101892300,"status":"passed"},"line":13,"name":"user click the logout button","match":{"location":"WebAutomation.StepDefinition.LogoutTest.userClickOnLoginButton()"},"keyword":"When "},{"result":{"error_message":"org.openqa.selenium.TimeoutException: Expected condition failed: waiting for presence of element located by: By.cssSelector: div.position (tried for 15 second(s) with 500 milliseconds interval)\r\n\tat org.openqa.selenium.support.ui.WebDriverWait.timeoutException(WebDriverWait.java:84)\r\n\tat org.openqa.selenium.support.ui.FluentWait.until(FluentWait.java:228)\r\n\tat WebAutomation.PageObjectModel.HomePage.alertLogout(HomePage.java:60)\r\n\tat WebAutomation.StepDefinition.LogoutTest.userAbleToSeeAlertPopup(LogoutTest.java:25)\r\n\tat âœ½.user is able to see Alert popup : Apakah anda yakin ingin logout?(file:///C:/Users/Marcel/OneDrive/Clone/QA-Automation-WingsOn-Website/src/test/resources/Feature/Logout.feature:14)\r\nCaused by: org.openqa.selenium.NoSuchElementException: no such element: Unable to locate element: {\"method\":\"css selector\",\"selector\":\"div.position\"}\n  (Session info: chrome=121.0.6167.161)\nFor documentation on this error, please visit: https://www.selenium.dev/documentation/webdriver/troubleshooting/errors#no-such-element-exception\nBuild info: version: '4.17.0', revision: 'e52b1be057*'\nSystem info: os.name: 'Windows 11', os.arch: 'amd64', os.version: '10.0', java.version: '17.0.8'\nDriver info: org.openqa.selenium.chrome.ChromeDriver\nCommand: [fe5eeed4ba4b4ed0c4ae658c77249dc7, findElement {using=css selector, value=div.position}]\nCapabilities {acceptInsecureCerts: false, browserName: chrome, browserVersion: 121.0.6167.161, chrome: {chromedriverVersion: 121.0.6167.85 (3f98d690ad7e..., userDataDir: C:\\Users\\Marcel\\AppData\\Loc...}, fedcm:accounts: true, goog:chromeOptions: {debuggerAddress: localhost:62653}, networkConnectionEnabled: false, pageLoadStrategy: normal, platformName: windows, proxy: Proxy(), se:cdp: ws://localhost:62653/devtoo..., se:cdpVersion: 121.0.6167.161, setWindowRect: true, strictFileInteractability: false, timeouts: {implicit: 0, pageLoad: 300000, script: 30000}, unhandledPromptBehavior: dismiss and notify, webauthn:extension:credBlob: true, webauthn:extension:largeBlob: true, webauthn:extension:minPinLength: true, webauthn:extension:prf: true, webauthn:virtualAuthenticators: true}\nSession ID: fe5eeed4ba4b4ed0c4ae658c77249dc7\r\n\tat java.base/jdk.internal.reflect.NativeConstructorAccessorImpl.newInstance0(Native Method)\r\n\tat java.base/jdk.internal.reflect.NativeConstructorAccessorImpl.newInstance(NativeConstructorAccessorImpl.java:77)\r\n\tat java.base/jdk.internal.reflect.DelegatingConstructorAccessorImpl.newInstance(DelegatingConstructorAccessorImpl.java:45)\r\n\tat java.base/java.lang.reflect.Constructor.newInstanceWithCaller(Constructor.java:499)\r\n\tat java.base/java.lang.reflect.Constructor.newInstance(Constructor.java:480)\r\n\tat org.openqa.selenium.remote.codec.w3c.W3CHttpResponseCodec.createException(W3CHttpResponseCodec.java:185)\r\n\tat org.openqa.selenium.remote.codec.w3c.W3CHttpResponseCodec.decode(W3CHttpResponseCodec.java:134)\r\n\tat org.openqa.selenium.remote.codec.w3c.W3CHttpResponseCodec.decode(W3CHttpResponseCodec.java:51)\r\n\tat org.openqa.selenium.remote.HttpCommandExecutor.execute(HttpCommandExecutor.java:190)\r\n\tat org.openqa.selenium.remote.service.DriverCommandExecutor.invokeExecute(DriverCommandExecutor.java:216)\r\n\tat org.openqa.selenium.remote.service.DriverCommandExecutor.execute(DriverCommandExecutor.java:174)\r\n\tat org.openqa.selenium.remote.RemoteWebDriver.execute(RemoteWebDriver.java:519)\r\n\tat org.openqa.selenium.remote.ElementLocation$ElementFinder$2.findElement(ElementLocation.java:165)\r\n\tat org.openqa.selenium.remote.ElementLocation.findElement(ElementLocation.java:59)\r\n\tat org.openqa.selenium.remote.RemoteWebDriver.findElement(RemoteWebDriver.java:356)\r\n\tat org.openqa.selenium.remote.RemoteWebDriver.findElement(RemoteWebDriver.java:350)\r\n\tat org.openqa.selenium.support.ui.ExpectedConditions$6.apply(ExpectedConditions.java:171)\r\n\tat org.openqa.selenium.support.ui.ExpectedConditions$6.apply(ExpectedConditions.java:168)\r\n\tat org.openqa.selenium.support.ui.FluentWait.until(FluentWait.java:203)\r\n\tat WebAutomation.PageObjectModel.HomePage.alertLogout(HomePage.java:60)\r\n\tat WebAutomation.StepDefinition.LogoutTest.userAbleToSeeAlertPopup(LogoutTest.java:25)\r\n\tat java.base/jdk.internal.reflect.NativeMethodAccessorImpl.invoke0(Native Method)\r\n\tat java.base/jdk.internal.reflect.NativeMethodAccessorImpl.invoke(NativeMethodAccessorImpl.java:77)\r\n\tat java.base/jdk.internal.reflect.DelegatingMethodAccessorImpl.invoke(DelegatingMethodAccessorImpl.java:43)\r\n\tat java.base/java.lang.reflect.Method.invoke(Method.java:568)\r\n\tat io.cucumber.java.Invoker.doInvoke(Invoker.java:66)\r\n\tat io.cucumber.java.Invoker.invoke(Invoker.java:24)\r\n\tat io.cucumber.java.AbstractGlueDefinition.invokeMethod(AbstractGlueDefinition.java:47)\r\n\tat io.cucumber.java.JavaStepDefinition.execute(JavaStepDefinition.java:29)\r\n\tat io.cucumber.core.runner.CoreStepDefinition.execute(CoreStepDefinition.java:66)\r\n\tat io.cucumber.core.runner.PickleStepDefinitionMatch.runStep(PickleStepDefinitionMatch.java:63)\r\n\tat io.cucumber.core.runner.ExecutionMode$1.execute(ExecutionMode.java:10)\r\n\tat io.cucumber.core.runner.TestStep.executeStep(TestStep.java:84)\r\n\tat io.cucumber.core.runner.TestStep.run(TestStep.java:56)\r\n\tat io.cucumber.core.runner.PickleStepTestStep.run(PickleStepTestStep.java:51)\r\n\tat io.cucumber.core.runner.TestCase.run(TestCase.java:84)\r\n\tat io.cucumber.core.runner.Runner.runPickle(Runner.java:75)\r\n\tat io.cucumber.testng.TestNGCucumberRunner.lambda$runScenario$1(TestNGCucumberRunner.java:132)\r\n\tat io.cucumber.core.runtime.CucumberExecutionContext.lambda$runTestCase$5(CucumberExecutionContext.java:137)\r\n\tat io.cucumber.core.runtime.RethrowingThrowableCollector.executeAndThrow(RethrowingThrowableCollector.java:23)\r\n\tat io.cucumber.core.runtime.CucumberExecutionContext.runTestCase(CucumberExecutionContext.java:137)\r\n\tat io.cucumber.testng.TestNGCucumberRunner.runScenario(TestNGCucumberRunner.java:129)\r\n\tat io.cucumber.testng.AbstractTestNGCucumberTests.runScenario(AbstractTestNGCucumberTests.java:35)\r\n\tat java.base/jdk.internal.reflect.NativeMethodAccessorImpl.invoke0(Native Method)\r\n\tat java.base/jdk.internal.reflect.NativeMethodAccessorImpl.invoke(NativeMethodAccessorImpl.java:77)\r\n\tat java.base/jdk.internal.reflect.DelegatingMethodAccessorImpl.invoke(DelegatingMethodAccessorImpl.java:43)\r\n\tat java.base/java.lang.reflect.Method.invoke(Method.java:568)\r\n\tat org.testng.internal.invokers.MethodInvocationHelper.invokeMethod(MethodInvocationHelper.java:139)\r\n\tat org.testng.internal.invokers.TestInvoker.invokeMethod(TestInvoker.java:664)\r\n\tat org.testng.internal.invokers.TestInvoker.invokeTestMethod(TestInvoker.java:227)\r\n\tat org.testng.internal.invokers.MethodRunner.runInSequence(MethodRunner.java:50)\r\n\tat org.testng.internal.invokers.TestInvoker$MethodInvocationAgent.invoke(TestInvoker.java:957)\r\n\tat org.testng.internal.invokers.TestInvoker.invokeTestMethods(TestInvoker.java:200)\r\n\tat org.testng.internal.invokers.TestMethodWorker.invokeTestMethods(TestMethodWorker.java:148)\r\n\tat org.testng.internal.invokers.TestMethodWorker.run(TestMethodWorker.java:128)\r\n\tat java.base/java.util.ArrayList.forEach(ArrayList.java:1511)\r\n\tat org.testng.TestRunner.privateRun(TestRunner.java:848)\r\n\tat org.testng.TestRunner.run(TestRunner.java:621)\r\n\tat org.testng.SuiteRunner.runTest(SuiteRunner.java:443)\r\n\tat org.testng.SuiteRunner.runSequentially(SuiteRunner.java:437)\r\n\tat org.testng.SuiteRunner.privateRun(SuiteRunner.java:397)\r\n\tat org.testng.SuiteRunner.run(SuiteRunner.java:336)\r\n\tat org.testng.SuiteRunnerWorker.runSuite(SuiteRunnerWorker.java:52)\r\n\tat org.testng.SuiteRunnerWorker.run(SuiteRunnerWorker.java:95)\r\n\tat org.testng.TestNG.runSuitesSequentially(TestNG.java:1280)\r\n\tat org.testng.TestNG.runSuitesLocally(TestNG.java:1200)\r\n\tat org.testng.TestNG.runSuites(TestNG.java:1114)\r\n\tat org.testng.TestNG.run(TestNG.java:1082)\r\n\tat com.intellij.rt.testng.IDEARemoteTestNG.run(IDEARemoteTestNG.java:66)\r\n\tat com.intellij.rt.testng.RemoteTestNGStarter.main(RemoteTestNGStarter.java:105)\r\n","duration":20602599600,"status":"failed"},"line":14,"name":"user is able to see Alert popup : Apakah anda yakin ingin logout?","match":{"location":"WebAutomation.StepDefinition.LogoutTest.userAbleToSeeAlertPopup()"},"keyword":"And "},{"result":{"duration":1000600,"status":"skipped"},"line":15,"name":"user click Ya on the Alert popup","match":{},"keyword":"And "},{"result":{"status":"skipped"},"line":16,"name":"user able to see login button","match":{"location":"WebAutomation.StepDefinition.LogoutTest.loginButtonDisplayed()"},"keyword":"Then "}],"tags":[{"name":"@logout"},{"name":"@positive-test"}]}],"name":"Logout","description":"","id":"logout","keyword":"Feature","uri":"file:src/test/resources/Feature/Logout.feature","tags":[{"name":"@logout","type":"Tag","location":{"line":1,"column":1}}]}]